Computing Integrals
Elapsed time:    1.92 Seconds

Number of basis functions                   (NBF)    = 229
Number of auxiliary basis functions         (NBFAUX) = 347
Inactive Doubly occupied orbitals up to     (NO1)    = 0
No. considered Strongly Doubly occupied MOs (NDOC)   = 31
No. considered Strongly Singly occupied MOs (NSOC)   = 0
NO. of Weakly occ. per St. Doubly occ.  MOs (NCWO)   = 1
Dimension of the Nat. Orb. subspace         (NBF5)   = 62
No. of electrons                                     = 62
    No. of alpha electrons                           = 31
    No. of beta electrons                            = 31
Multiplicity                                         = 1

Geometry
========
 I      -0.2053200      -3.3685200       1.8837700
 C       0.0692000      -5.4719300       1.8727500
 H       0.0736000      -5.8056400       0.8398300
 H       1.0180500      -5.6898600       2.3529200
 H      -0.7528700      -5.9220200       2.4204100

No violations of the orthonormality
No violations of the orthonormality
 
PNOF9/ADABelief Calculation
==================
 
  Nitext  Nit_orb  Time   Nit_occ  Time         Eelec          Etot           Ediff      maxdiff    MaxGrad_orb  Grad_occ
     1      10    6.1e+00    0    1.5e+01 -2599.36410726 -2478.81095569 -12598.36410726   0.000586   2.3e-03   1.6e-04 0.98
     2      30    4.4e+00    0    5.9e-02 -2599.36410726 -2478.81095569     0.00000000   0.000586   2.3e-03   1.6e-04 0.98
     3      50    7.4e+00    0    3.3e-02 -2599.36410726 -2478.81095569     0.00000000   0.000586   2.3e-03   1.6e-04 0.98
     4      70    1.1e+01    0    2.2e-02 -2599.36410726 -2478.81095569     0.00000000   0.000586   2.3e-03   1.6e-04 0.98
     5      90    1.3e+01    0    2.8e-02 -2599.36411303 -2478.81096146    -0.00000577   0.000214   8.6e-04   1.7e-04 0.98
 
RESULTS OF THE OCCUPATION OPTIMIZATION
========================================
   1    2.0000000  -149.13350948
   2    1.9999956  -64.76115322
   3    1.9999943  -64.74632373
   4    1.9999940  -64.74530353
   5    1.9999563  -26.14773934
   6    1.9998057  -11.12190964
   7    1.9998058  -11.07534141
   8    1.9998070  -11.06925485
   9    1.9997999  -10.95487387
  10    1.9995554  -10.72026912
  11    1.9997244  -10.70271811
  12    1.9997209  -10.68860046
  13    1.9995306  -9.99853536
  14    1.9996035  -9.94040766
  15    1.9984742  -4.68496472
  16    1.9983821  -4.57928228
  17    1.9978436  -4.08717493
  18    1.9979849  -4.08663065
  19    1.9977986  -4.08555491
  20    1.9979165  -4.08515231
  21    1.9979444  -4.08463499
  22    1.9977551  -4.08245788
  23    1.9871389  -0.98956080
  24    1.9625858  -0.89346069
  25    1.9623051  -0.89224771
  26    1.9802123  -0.85724171
  27    1.9805122  -0.73255726
  28    1.9749122  -0.62809639
  29    1.9747018  -0.62110833
  30    1.9577834  -0.39674618
  31    1.0206240  -0.16005237
  32    0.9793760  -0.15338702
  33    0.0422166  -0.04700054
  34    0.0252982  -0.02488112
  35    0.0250878  -0.02474530
  36    0.0194878  -0.02458137
  37    0.0197877  -0.02333590
  38    0.0376949  -0.04301197
  39    0.0374142  -0.04315211
  40    0.0128611  -0.01865685
  41    0.0022449  -0.01263866
  42    0.0020556  -0.01207324
  43    0.0020835  -0.01216688
  44    0.0022014  -0.01254395
  45    0.0020151  -0.01191107
  46    0.0021564  -0.01239274
  47    0.0016179  -0.00798302
  48    0.0015258  -0.00769135
  49    0.0003965  -0.00455727
  50    0.0004694  -0.00442079
  51    0.0002791  -0.00277543
  52    0.0002756  -0.00274956
  53    0.0004446  -0.00726217
  54    0.0002001  -0.00215263
  55    0.0001930  -0.00208400
  56    0.0001942  -0.00210205
  57    0.0001943  -0.00209180
  58    0.0000437  -0.00100621
  59    0.0000060  -0.00036391
  60    0.0000057  -0.00035723
  61    0.0000044  -0.00041374
  62    0.0000000  -0.00002251
 
----------------
 Final Energies 
----------------
Final NOF Total Energy =   -2478.8109615
 
Total Orbital Internal Iterations = 250
Total Occupation Internal Iterations = 0
 
Elapsed time:   69.49 Seconds

---------------------------------
   Lowdin Population Analysis    
---------------------------------
 Idx  Atom   Population   Charge 
---------------------------------
  1     I    52.660       0.340
  2     C     6.038      -0.038
  3     H     1.102      -0.102
  4     H     1.101      -0.101
  5     H     1.100      -0.100

---------------------------------
   M Diagnostic: 0.98
---------------------------------

